{
  "stats": {
    "suites": 22,
    "tests": 35,
    "passes": 35,
    "pending": 0,
    "failures": 0,
    "testsRegistered": 35,
    "passPercent": 100,
    "pendingPercent": 0,
    "other": 0,
    "hasOther": false,
    "skipped": 0,
    "hasSkipped": false,
    "start": "2024-06-21T16:35:01.563Z",
    "end": "2024-06-21T16:37:20.707Z",
    "duration": 139144
  },
  "results": [
    {
      "uuid": "9a18124a-5580-4e83-9665-129f57e57369",
      "title": "",
      "fullFile": "cypress/e2e/automation-test-store/add-multiple-items-to-basket.js",
      "file": "cypress/e2e/automation-test-store/add-multiple-items-to-basket.js",
      "beforeHooks": [],
      "afterHooks": [],
      "tests": [],
      "suites": [
        {
          "uuid": "be4e9b5c-aa59-46f8-9709-3cc45361bb09",
          "title": "Add multiple items to basket",
          "fullFile": "",
          "file": "",
          "beforeHooks": [],
          "afterHooks": [],
          "tests": [
            {
              "title": "Add specific items to basket",
              "fullTitle": "Add multiple items to basket Add specific items to basket",
              "timedOut": null,
              "duration": 2401,
              "state": "passed",
              "speed": "fast",
              "pass": true,
              "fail": false,
              "pending": false,
              "context": null,
              "code": "autoStore_HairCare_PO.addHairCareProductsToBasket();",
              "err": {},
              "uuid": "4a5206d5-5a1d-4e6a-b989-546c37de92a6",
              "parentUUID": "be4e9b5c-aa59-46f8-9709-3cc45361bb09",
              "isHook": false,
              "skipped": false
            }
          ],
          "suites": [],
          "passes": [
            "4a5206d5-5a1d-4e6a-b989-546c37de92a6"
          ],
          "failures": [],
          "pending": [],
          "skipped": [],
          "duration": 2401,
          "root": false,
          "rootEmpty": false,
          "_timeout": 2000
        }
      ],
      "passes": [],
      "failures": [],
      "pending": [],
      "skipped": [],
      "duration": 0,
      "root": true,
      "rootEmpty": true,
      "_timeout": 2000
    },
    {
      "uuid": "07555b6d-b7da-48a1-b584-e6c6baf6b1a0",
      "title": "",
      "fullFile": "cypress/e2e/automation-test-store/alias-invoke.js",
      "file": "cypress/e2e/automation-test-store/alias-invoke.js",
      "beforeHooks": [],
      "afterHooks": [],
      "tests": [],
      "suites": [
        {
          "uuid": "22391450-a60f-4568-926f-3102bdc4ee36",
          "title": "Alias and invoke",
          "fullFile": "",
          "file": "",
          "beforeHooks": [],
          "afterHooks": [],
          "tests": [
            {
              "title": "Calculate total of normal and sale products",
              "fullTitle": "Alias and invoke Calculate total of normal and sale products",
              "timedOut": null,
              "duration": 1327,
              "state": "passed",
              "speed": "fast",
              "pass": true,
              "fail": false,
              "pending": false,
              "context": null,
              "code": "cy.visit(\"https://automationteststore.com/\");\ncy.get(\".thumbnail\").as(\"productThumbnail\");\n// cy.get('@productThumbnail').find('.oneprice').each(($el, index, $list) => {\n//     cy.log($el.text());\n// });\ncy.get(\".thumbnail\").find(\".oneprice\").invoke(\"text\").as(\"itemPrice\");\ncy.get(\".thumbnail\").find(\".pricenew\").invoke(\"text\").as(\"saleItemPrice\");\nvar itemsTotal = 0;\ncy.get(\"@itemPrice\").then($linkText => {\n  var itemsPriceTotal = 0;\n  var itemPrice = $linkText.split(\"$\");\n  var i;\n  for (i = 0; i < itemPrice.length; i++) {\n    cy.log(itemPrice[i]);\n    itemsPriceTotal += Number(itemPrice[i]);\n  }\n  itemsTotal += itemsPriceTotal;\n  cy.log(\"Non sale price items total: \" + itemsPriceTotal);\n});\ncy.get(\"@saleItemPrice\").then($linkText => {\n  var saleItemsPrice = 0;\n  var saleItemPrice = $linkText.split(\"$\");\n  var i;\n  for (i = 0; i < saleItemPrice.length; i++) {\n    cy.log(saleItemPrice[i]);\n    saleItemsPrice += Number(saleItemPrice[i]);\n  }\n  itemsTotal += saleItemsPrice;\n  cy.log(\"Sale price items total: \" + saleItemsPrice);\n}).then(() => {\n  cy.log(\"The total price of all products: \" + itemsTotal);\n  expect(itemsTotal).to.equal(648.5);\n});",
              "err": {},
              "uuid": "6afd6d3f-be5c-49c4-b222-00bf7911adf8",
              "parentUUID": "22391450-a60f-4568-926f-3102bdc4ee36",
              "isHook": false,
              "skipped": false
            }
          ],
          "suites": [],
          "passes": [
            "6afd6d3f-be5c-49c4-b222-00bf7911adf8"
          ],
          "failures": [],
          "pending": [],
          "skipped": [],
          "duration": 1327,
          "root": false,
          "rootEmpty": false,
          "_timeout": 2000
        }
      ],
      "passes": [],
      "failures": [],
      "pending": [],
      "skipped": [],
      "duration": 0,
      "root": true,
      "rootEmpty": true,
      "_timeout": 2000
    },
    {
      "uuid": "49336213-bb18-4330-83cd-e1f9c85f069e",
      "title": "",
      "fullFile": "cypress/e2e/automation-test-store/contact-us.js",
      "file": "cypress/e2e/automation-test-store/contact-us.js",
      "beforeHooks": [],
      "afterHooks": [],
      "tests": [],
      "suites": [
        {
          "uuid": "43107c8c-a1c8-45ce-ac03-ca9393822682",
          "title": "Test Contact Us form via automation Test Store",
          "fullFile": "",
          "file": "",
          "beforeHooks": [],
          "afterHooks": [],
          "tests": [
            {
              "title": "Should be able to submit a successful submission via contact us form",
              "fullTitle": "Test Contact Us form via automation Test Store Should be able to submit a successful submission via contact us form",
              "timedOut": null,
              "duration": 3016,
              "state": "passed",
              "speed": "fast",
              "pass": true,
              "fail": false,
              "pending": false,
              "context": null,
              "code": "cy.visit(\"https://automationteststore.com/\");\ncy.get(\"a[href$='contact']\").click().then(function (linkContent) {\n  cy.log(\"Clicked on the link: \" + linkContent.text());\n});\n// cy.xpath('//a[contains(@href,\"contact\")]').click();\ncy.get(\"@user\").then(user => {\n  cy.get(\"#ContactUsFrm_first_name\").type(user.first_name);\n  cy.get(\"#ContactUsFrm_email\").type(user.email);\n});\ncy.get(\"#ContactUsFrm_email\").should(\"have.attr\", \"name\", \"email\");\ncy.get(\"#ContactUsFrm_enquiry\").type(\"enquiry here\");\ncy.get(\"#ContactUsFrm_enquiry\");\ncy.get(\"button[title='Submit']\").click();\ncy.get(\".mb40 > :nth-child(3)\").should(\"have.text\", \"Your enquiry has been successfully sent to the store owner!\");",
              "err": {},
              "uuid": "caeac25a-e20a-4330-bc08-6eefe252f41e",
              "parentUUID": "43107c8c-a1c8-45ce-ac03-ca9393822682",
              "isHook": false,
              "skipped": false
            }
          ],
          "suites": [],
          "passes": [
            "caeac25a-e20a-4330-bc08-6eefe252f41e"
          ],
          "failures": [],
          "pending": [],
          "skipped": [],
          "duration": 3016,
          "root": false,
          "rootEmpty": false,
          "_timeout": 2000
        }
      ],
      "passes": [],
      "failures": [],
      "pending": [],
      "skipped": [],
      "duration": 0,
      "root": true,
      "rootEmpty": true,
      "_timeout": 2000
    },
    {
      "uuid": "c3fd3d53-12cb-490b-9d0f-7d3acbc44791",
      "title": "",
      "fullFile": "cypress/e2e/automation-test-store/inspect-item.js",
      "file": "cypress/e2e/automation-test-store/inspect-item.js",
      "beforeHooks": [],
      "afterHooks": [],
      "tests": [],
      "suites": [
        {
          "uuid": "662afab7-c2c9-4078-89e1-0337f9ed3ba7",
          "title": "Inspect Automation Test Store using chain of commands",
          "fullFile": "",
          "file": "",
          "beforeHooks": [],
          "afterHooks": [],
          "tests": [
            {
              "title": "Click on the first item using item text",
              "fullTitle": "Inspect Automation Test Store using chain of commands Click on the first item using item text",
              "timedOut": null,
              "duration": 1729,
              "state": "passed",
              "speed": "fast",
              "pass": true,
              "fail": false,
              "pending": false,
              "context": null,
              "code": "cy.visit(\"https://automationteststore.com/\");\ncy.get(\".prdocutname\").contains(\"Skinsheen Bronzer Stick\").click().then(itemHeader => {\n  cy.log(\"Selected the following item: \" + itemHeader.text());\n});",
              "err": {},
              "uuid": "6a59935a-d376-4b91-813e-c49a07f703b9",
              "parentUUID": "662afab7-c2c9-4078-89e1-0337f9ed3ba7",
              "isHook": false,
              "skipped": false
            }
          ],
          "suites": [],
          "passes": [
            "6a59935a-d376-4b91-813e-c49a07f703b9"
          ],
          "failures": [],
          "pending": [],
          "skipped": [],
          "duration": 1729,
          "root": false,
          "rootEmpty": false,
          "_timeout": 2000
        }
      ],
      "passes": [],
      "failures": [],
      "pending": [],
      "skipped": [],
      "duration": 0,
      "root": true,
      "rootEmpty": true,
      "_timeout": 2000
    },
    {
      "uuid": "ced6b9a9-1f39-417c-996e-19dec142e677",
      "title": "",
      "fullFile": "cypress/e2e/automation-test-store/iterate-over-elements.js",
      "file": "cypress/e2e/automation-test-store/iterate-over-elements.js",
      "beforeHooks": [],
      "afterHooks": [],
      "tests": [],
      "suites": [
        {
          "uuid": "0a7c9d08-8284-47f1-9a7a-37d1b8d78374",
          "title": "Iterate over elements",
          "fullFile": "",
          "file": "",
          "beforeHooks": [],
          "afterHooks": [],
          "tests": [
            {
              "title": "Log information of all Hair Care products",
              "fullTitle": "Iterate over elements Log information of all Hair Care products",
              "timedOut": null,
              "duration": 1541,
              "state": "passed",
              "speed": "fast",
              "pass": true,
              "fail": false,
              "pending": false,
              "context": null,
              "code": "cy.get(\".fixed_wrapper .prdocutname\").each(($el, index, $list) => {\n  cy.log(\"Index \" + index + \": \" + $el.text());\n});",
              "err": {},
              "uuid": "96a75cd4-6faf-45fd-8c0f-35594196498b",
              "parentUUID": "0a7c9d08-8284-47f1-9a7a-37d1b8d78374",
              "isHook": false,
              "skipped": false
            },
            {
              "title": "Add specific product to basket",
              "fullTitle": "Iterate over elements Add specific product to basket",
              "timedOut": null,
              "duration": 1423,
              "state": "passed",
              "speed": "fast",
              "pass": true,
              "fail": false,
              "pending": false,
              "context": null,
              "code": "cy.selectProduct(\"Curls to straight Shampoo\");",
              "err": {},
              "uuid": "d1a922ab-7cbf-4e2b-98d6-c7243c1dfe63",
              "parentUUID": "0a7c9d08-8284-47f1-9a7a-37d1b8d78374",
              "isHook": false,
              "skipped": false
            },
            {
              "title": "Add another specific product to basket",
              "fullTitle": "Iterate over elements Add another specific product to basket",
              "timedOut": null,
              "duration": 997,
              "state": "passed",
              "speed": "fast",
              "pass": true,
              "fail": false,
              "pending": false,
              "context": null,
              "code": "cy.selectProduct(\"Seaweed Conditioner\");",
              "err": {},
              "uuid": "021e70b8-9586-45a6-ac92-e0dd10fd169d",
              "parentUUID": "0a7c9d08-8284-47f1-9a7a-37d1b8d78374",
              "isHook": false,
              "skipped": false
            },
            {
              "title": "Add another specific product to basket 2",
              "fullTitle": "Iterate over elements Add another specific product to basket 2",
              "timedOut": null,
              "duration": 1096,
              "state": "passed",
              "speed": "fast",
              "pass": true,
              "fail": false,
              "pending": false,
              "context": null,
              "code": "cy.selectProduct(\"Eau Parfumee au The Vert Shampoo\");",
              "err": {},
              "uuid": "ede5dc15-1e5b-4302-801b-52c224b63af1",
              "parentUUID": "0a7c9d08-8284-47f1-9a7a-37d1b8d78374",
              "isHook": false,
              "skipped": false
            }
          ],
          "suites": [],
          "passes": [
            "96a75cd4-6faf-45fd-8c0f-35594196498b",
            "d1a922ab-7cbf-4e2b-98d6-c7243c1dfe63",
            "021e70b8-9586-45a6-ac92-e0dd10fd169d",
            "ede5dc15-1e5b-4302-801b-52c224b63af1"
          ],
          "failures": [],
          "pending": [],
          "skipped": [],
          "duration": 5057,
          "root": false,
          "rootEmpty": false,
          "_timeout": 2000
        }
      ],
      "passes": [],
      "failures": [],
      "pending": [],
      "skipped": [],
      "duration": 0,
      "root": true,
      "rootEmpty": true,
      "_timeout": 2000
    },
    {
      "uuid": "00296674-240c-450b-aa29-a14725bd4f3e",
      "title": "",
      "fullFile": "cypress/e2e/automation-test-store/variables-and-cy-commands.js",
      "file": "cypress/e2e/automation-test-store/variables-and-cy-commands.js",
      "beforeHooks": [],
      "afterHooks": [],
      "tests": [],
      "suites": [
        {
          "uuid": "d354c722-73d1-41bc-8cdc-d231dc277006",
          "title": "Verifying variables, cypress commands and jquery commands",
          "fullFile": "",
          "file": "",
          "beforeHooks": [],
          "afterHooks": [],
          "tests": [
            {
              "title": "Validate properties of the Contact Us page",
              "fullTitle": "Verifying variables, cypress commands and jquery commands Validate properties of the Contact Us page",
              "timedOut": null,
              "duration": 906,
              "state": "passed",
              "speed": "fast",
              "pass": true,
              "fail": false,
              "pending": false,
              "context": null,
              "code": "cy.visit(\"https://automationteststore.com/index.php?rt=content/contact\");\n//Uses cypress commands and chainging\ncy.contains(\"#ContactUsFrm\", \"Contact Us Form\").find(\"#field_11\").should(\"contain\", \"First name:\");\n// jQuery approach\ncy.contains(\"#ContactUsFrm\", \"Contact Us Form\").then(text => {\n  const firstNameText = text.find(\"#field_11\").text();\n  expect(firstNameText).to.contain(\"First name\");\n  // Embedded commands (Closure)\n  cy.get(\"#field_11\").then(fnText => {\n    cy.log(fnText.text());\n    cy.log(fnText);\n  });\n});",
              "err": {},
              "uuid": "bdd16aae-516a-499d-9eb0-43e412139899",
              "parentUUID": "d354c722-73d1-41bc-8cdc-d231dc277006",
              "isHook": false,
              "skipped": false
            }
          ],
          "suites": [],
          "passes": [
            "bdd16aae-516a-499d-9eb0-43e412139899"
          ],
          "failures": [],
          "pending": [],
          "skipped": [],
          "duration": 906,
          "root": false,
          "rootEmpty": false,
          "_timeout": 2000
        }
      ],
      "passes": [],
      "failures": [],
      "pending": [],
      "skipped": [],
      "duration": 0,
      "root": true,
      "rootEmpty": true,
      "_timeout": 2000
    },
    {
      "uuid": "cb5d832d-62fb-4ef1-8fda-211680ee0251",
      "title": "",
      "fullFile": "cypress/e2e/webdriver-uni/autocomplete-dropdown-list.js",
      "file": "cypress/e2e/webdriver-uni/autocomplete-dropdown-list.js",
      "beforeHooks": [],
      "afterHooks": [],
      "tests": [],
      "suites": [
        {
          "uuid": "e1408c9a-a672-4bd0-9e8c-7ac9b0c75f4f",
          "title": "Verify autocomplete dropdown lists via webdriveruni",
          "fullFile": "",
          "file": "",
          "beforeHooks": [],
          "afterHooks": [],
          "tests": [
            {
              "title": "Select specific product via autocomplete lists",
              "fullTitle": "Verify autocomplete dropdown lists via webdriveruni Select specific product via autocomplete lists",
              "timedOut": null,
              "duration": 1739,
              "state": "passed",
              "speed": "fast",
              "pass": true,
              "fail": false,
              "pending": false,
              "context": null,
              "code": "cy.visit(\"https://www.webdriveruniversity.com\");\ncy.get(\"#autocomplete-textfield\").invoke(\"removeAttr\", \"target\").click({\n  force: true\n});\ncy.get(\"#myInput\").type(\"A\");\ncy.get(\"#myInputautocomplete-list > *\").each(($el, index, $list) => {\n  const prod = $el.text();\n  const productToSelect = \"Avacado\";\n  if (prod === productToSelect) {\n    $el.trigger(\"click\");\n    cy.get(\"#submit-button\").click();\n    cy.url().should(\"include\", productToSelect);\n  }\n}).then(() => {\n  cy.get(\"#myInput\").type(\"G\");\n  cy.get(\"#myInputautocomplete-list > *\").each(($el, index, $list) => {\n    const prod = $el.text();\n    const productToSelect = \"Grapes\";\n    if (prod === productToSelect) {\n      cy.wrap($el).click();\n      cy.get(\"#submit-button\").click();\n      cy.url().should(\"include\", productToSelect);\n    }\n  });\n});",
              "err": {},
              "uuid": "b5f87d25-cd2e-4ed9-a82e-851c6ba8ebbb",
              "parentUUID": "e1408c9a-a672-4bd0-9e8c-7ac9b0c75f4f",
              "isHook": false,
              "skipped": false
            }
          ],
          "suites": [],
          "passes": [
            "b5f87d25-cd2e-4ed9-a82e-851c6ba8ebbb"
          ],
          "failures": [],
          "pending": [],
          "skipped": [],
          "duration": 1739,
          "root": false,
          "rootEmpty": false,
          "_timeout": 2000
        }
      ],
      "passes": [],
      "failures": [],
      "pending": [],
      "skipped": [],
      "duration": 0,
      "root": true,
      "rootEmpty": true,
      "_timeout": 2000
    },
    {
      "uuid": "d659517b-1489-43a3-8193-5cdc1f23c7f7",
      "title": "",
      "fullFile": "cypress/e2e/webdriver-uni/browser-navigation.js",
      "file": "cypress/e2e/webdriver-uni/browser-navigation.js",
      "beforeHooks": [],
      "afterHooks": [],
      "tests": [],
      "suites": [
        {
          "uuid": "f2d7f526-2fb2-4953-81a0-47100db2edf8",
          "title": "Validate webdriveruni homepage links",
          "fullFile": "",
          "file": "",
          "beforeHooks": [],
          "afterHooks": [],
          "tests": [
            {
              "title": "Confirm links redirect to the correct page",
              "fullTitle": "Validate webdriveruni homepage links Confirm links redirect to the correct page",
              "timedOut": null,
              "duration": 1848,
              "state": "passed",
              "speed": "fast",
              "pass": true,
              "fail": false,
              "pending": false,
              "context": null,
              "code": "// cy.visit(\"https://www.webdriveruniversity.com/Contact-Us/contactus.html\");\ncy.visit(\"https://www.webdriveruniversity.com\");\ncy.get(\"#contact-us\").invoke(\"removeAttr\", \"target\").click({\n  force: true\n});\ncy.url().should(\"include\", \"contactus\");\ncy.go(\"back\");\ncy.reload();\ncy.url().should(\"include\", \"https://www.webdriveruniversity.com\");\n//cy.reload(true)   // Reload the page without using the cache\ncy.go(\"forward\");\ncy.url().should(\"include\", \"contactus\");\ncy.go(\"back\");\ncy.get(\"#login-portal\").invoke(\"removeAttr\", \"target\").click({\n  force: true\n});\ncy.url().should(\"include\", \"Login-Portal\");\ncy.go(\"back\");\ncy.get(\"#to-do-list\").invoke(\"removeAttr\", \"target\").click({\n  force: true\n});\ncy.url().should(\"include\", \"To-Do-List\");\ncy.go(\"back\");",
              "err": {},
              "uuid": "60fd259d-18a1-485f-99ee-13c1503bf909",
              "parentUUID": "f2d7f526-2fb2-4953-81a0-47100db2edf8",
              "isHook": false,
              "skipped": false
            }
          ],
          "suites": [],
          "passes": [
            "60fd259d-18a1-485f-99ee-13c1503bf909"
          ],
          "failures": [],
          "pending": [],
          "skipped": [],
          "duration": 1848,
          "root": false,
          "rootEmpty": false,
          "_timeout": 2000
        }
      ],
      "passes": [],
      "failures": [],
      "pending": [],
      "skipped": [],
      "duration": 0,
      "root": true,
      "rootEmpty": true,
      "_timeout": 2000
    },
    {
      "uuid": "76e34bbe-cd15-4fbe-aa81-1dcb9818b682",
      "title": "",
      "fullFile": "cypress/e2e/webdriver-uni/checkboxes.js",
      "file": "cypress/e2e/webdriver-uni/checkboxes.js",
      "beforeHooks": [],
      "afterHooks": [],
      "tests": [],
      "suites": [
        {
          "uuid": "41033c14-be90-4af9-a826-95642d0f2447",
          "title": "Verify checkboxes via webdriveruni",
          "fullFile": "",
          "file": "",
          "beforeHooks": [],
          "afterHooks": [],
          "tests": [
            {
              "title": "Check and Validate checkbox",
              "fullTitle": "Verify checkboxes via webdriveruni Check and Validate checkbox",
              "timedOut": null,
              "duration": 614,
              "state": "passed",
              "speed": "fast",
              "pass": true,
              "fail": false,
              "pending": false,
              "context": null,
              "code": "// cy.visit(\"https://www.webdriveruniversity.com/Contact-Us/contactus.html\");\n// cy.get(\"#checkboxes > :nth-child(1) > input\").check();\n// cy.get(\"#checkboxes > :nth-child(1) > input\").check().should(\"be.checked\");\ncy.get(\"#checkboxes > :nth-child(1) > input\").as(\"option-1\");\n// cy.get(\"@option-1\").check();\ncy.get(\"@option-1\").check().should(\"be.checked\");",
              "err": {},
              "uuid": "260b22aa-3e13-434d-aa58-5036ece5b16e",
              "parentUUID": "41033c14-be90-4af9-a826-95642d0f2447",
              "isHook": false,
              "skipped": false
            },
            {
              "title": "Uncheck and Validate checkbox",
              "fullTitle": "Verify checkboxes via webdriveruni Uncheck and Validate checkbox",
              "timedOut": null,
              "duration": 178,
              "state": "passed",
              "speed": "fast",
              "pass": true,
              "fail": false,
              "pending": false,
              "context": null,
              "code": "// cy.visit(\"https://www.webdriveruniversity.com/Contact-Us/contactus.html\");\ncy.get(\":nth-child(5) > input\").as(\"option-32\");\ncy.get(\"@option-32\").uncheck().should(\"not.be.checked\");",
              "err": {},
              "uuid": "8324ab46-6be9-42d9-9fed-2ba41e1f2361",
              "parentUUID": "41033c14-be90-4af9-a826-95642d0f2447",
              "isHook": false,
              "skipped": false
            },
            {
              "title": "Check multiple checkboxes",
              "fullTitle": "Verify checkboxes via webdriveruni Check multiple checkboxes",
              "timedOut": null,
              "duration": 323,
              "state": "passed",
              "speed": "fast",
              "pass": true,
              "fail": false,
              "pending": false,
              "context": null,
              "code": "// cy.visit(\"https://www.webdriveruniversity.com/Contact-Us/contactus.html\");\ncy.get('input[type=\"checkbox\"]').check([\"option-1\", \"option-2\", \"option-3\", \"option-4\"]).should(\"be.checked\");",
              "err": {},
              "uuid": "3fd45ad2-b5aa-47eb-af5a-17e4d680b730",
              "parentUUID": "41033c14-be90-4af9-a826-95642d0f2447",
              "isHook": false,
              "skipped": false
            }
          ],
          "suites": [],
          "passes": [
            "260b22aa-3e13-434d-aa58-5036ece5b16e",
            "8324ab46-6be9-42d9-9fed-2ba41e1f2361",
            "3fd45ad2-b5aa-47eb-af5a-17e4d680b730"
          ],
          "failures": [],
          "pending": [],
          "skipped": [],
          "duration": 1115,
          "root": false,
          "rootEmpty": false,
          "_timeout": 2000
        }
      ],
      "passes": [],
      "failures": [],
      "pending": [],
      "skipped": [],
      "duration": 0,
      "root": true,
      "rootEmpty": true,
      "_timeout": 2000
    },
    {
      "uuid": "4dde7d1b-bfbb-4acc-9339-c25b46a8a9d4",
      "title": "",
      "fullFile": "cypress/e2e/webdriver-uni/contact-us.js",
      "file": "cypress/e2e/webdriver-uni/contact-us.js",
      "beforeHooks": [],
      "afterHooks": [],
      "tests": [],
      "suites": [
        {
          "uuid": "97160ac4-6753-4039-8d51-641874a2ae68",
          "title": "Test Contact Us form via WebdriverUni",
          "fullFile": "",
          "file": "",
          "beforeHooks": [],
          "afterHooks": [],
          "tests": [
            {
              "title": "Should be able to submit a successful submission via contact us form",
              "fullTitle": "Test Contact Us form via WebdriverUni Should be able to submit a successful submission via contact us form",
              "timedOut": null,
              "duration": 6496,
              "state": "passed",
              "speed": "medium",
              "pass": true,
              "fail": false,
              "pending": false,
              "context": null,
              "code": "cy.document().should(\"have.property\", \"charset\").and(\"eq\", \"UTF-8\");\ncy.title().should(\"include\", \"WebDriver | Contact Us\");\ncy.url().should(\"include\", \"contactus\");\ncontact_Us_PO.contactForm_Submission(Cypress.env(\"first_name\"), data.last_name, data.email, \"How can I learn Cypress?\", \"h1\", \"Thank You for your Message!\");",
              "err": {},
              "uuid": "3fbae695-14a9-4541-9037-5940d4174d66",
              "parentUUID": "97160ac4-6753-4039-8d51-641874a2ae68",
              "isHook": false,
              "skipped": false
            },
            {
              "title": "Should not be able to submit a successful submission via contact us form as all fields are required",
              "fullTitle": "Test Contact Us form via WebdriverUni Should not be able to submit a successful submission via contact us form as all fields are required",
              "timedOut": null,
              "duration": 73316,
              "state": "passed",
              "speed": "slow",
              "pass": true,
              "fail": false,
              "pending": false,
              "context": null,
              "code": "contact_Us_PO.contactForm_Submission(data.first_name, data.last_name, \" \", \"How can I learn Cypress?\", \"body\", \"Error: Invalid email address\");",
              "err": {},
              "uuid": "55c4b4a3-9099-40e1-9cf7-b02bf850c322",
              "parentUUID": "97160ac4-6753-4039-8d51-641874a2ae68",
              "isHook": false,
              "skipped": false
            }
          ],
          "suites": [],
          "passes": [
            "3fbae695-14a9-4541-9037-5940d4174d66",
            "55c4b4a3-9099-40e1-9cf7-b02bf850c322"
          ],
          "failures": [],
          "pending": [],
          "skipped": [],
          "duration": 79812,
          "root": false,
          "rootEmpty": false,
          "_timeout": 2000
        }
      ],
      "passes": [],
      "failures": [],
      "pending": [],
      "skipped": [],
      "duration": 0,
      "root": true,
      "rootEmpty": true,
      "_timeout": 2000
    },
    {
      "uuid": "22045489-da7c-42e7-86a9-b8cf0d5ddb45",
      "title": "",
      "fullFile": "cypress/e2e/webdriver-uni/data-table.js",
      "file": "cypress/e2e/webdriver-uni/data-table.js",
      "beforeHooks": [],
      "afterHooks": [],
      "tests": [],
      "suites": [
        {
          "uuid": "a3bb8888-67f2-459b-8857-e11fa9b532c2",
          "title": "Handling data via webdriver uni",
          "fullFile": "",
          "file": "",
          "beforeHooks": [],
          "afterHooks": [],
          "tests": [
            {
              "title": "Calculate and assert the total age of all users",
              "fullTitle": "Handling data via webdriver uni Calculate and assert the total age of all users",
              "timedOut": null,
              "duration": 1349,
              "state": "passed",
              "speed": "fast",
              "pass": true,
              "fail": false,
              "pending": false,
              "context": null,
              "code": "var userDetails = [];\nvar numb = 0;\ncy.get(\"#thumbnail-1 td\").each(($el, index, $list) => {\n  userDetails[index] = $el.text();\n}).then(() => {\n  for (var i = 0; i < userDetails.length; i++) {\n    if (Number(userDetails[i])) {\n      numb += Number(userDetails[i]);\n      //   cy.log(userDetails[i]);\n    }\n  }\n  cy.log(\"Found total age: \" + numb);\n  expect(numb).to.equal(322);\n});",
              "err": {},
              "uuid": "d959df64-837d-4b61-8928-3365211f33d0",
              "parentUUID": "a3bb8888-67f2-459b-8857-e11fa9b532c2",
              "isHook": false,
              "skipped": false
            },
            {
              "title": "Calculate and assert the age of a given user based on last name",
              "fullTitle": "Handling data via webdriver uni Calculate and assert the age of a given user based on last name",
              "timedOut": null,
              "duration": 217,
              "state": "passed",
              "speed": "fast",
              "pass": true,
              "fail": false,
              "pending": false,
              "context": null,
              "code": "cy.get(\"#thumbnail-1 tr td:nth-child(2)\").each(($el, index, $list) => {\n  const text = $el.text();\n  if (text.includes(\"Woods\")) {\n    cy.get(\"#thumbnail-1 tr td:nth-child(2)\").eq(index).next().then(age => {\n      const userAge = age.text();\n      expect(userAge).to.equal(\"80\");\n    });\n  }\n});",
              "err": {},
              "uuid": "32468d02-7f04-4367-8633-f6798be5c556",
              "parentUUID": "a3bb8888-67f2-459b-8857-e11fa9b532c2",
              "isHook": false,
              "skipped": false
            }
          ],
          "suites": [],
          "passes": [
            "d959df64-837d-4b61-8928-3365211f33d0",
            "32468d02-7f04-4367-8633-f6798be5c556"
          ],
          "failures": [],
          "pending": [],
          "skipped": [],
          "duration": 1566,
          "root": false,
          "rootEmpty": false,
          "_timeout": 2000
        }
      ],
      "passes": [],
      "failures": [],
      "pending": [],
      "skipped": [],
      "duration": 0,
      "root": true,
      "rootEmpty": true,
      "_timeout": 2000
    },
    {
      "uuid": "d821c84e-adcf-4f98-ad95-47359f0ed948",
      "title": "",
      "fullFile": "cypress/e2e/webdriver-uni/datePicker.js",
      "file": "cypress/e2e/webdriver-uni/datePicker.js",
      "beforeHooks": [],
      "afterHooks": [],
      "tests": [],
      "suites": [
        {
          "uuid": "10e007bb-6b97-49d3-a92b-ae73bf1a21d5",
          "title": "Test Datepicker via webdriveruni",
          "fullFile": "",
          "file": "",
          "beforeHooks": [],
          "afterHooks": [],
          "tests": [
            {
              "title": "Select date from the datepicker",
              "fullTitle": "Test Datepicker via webdriveruni Select date from the datepicker",
              "timedOut": null,
              "duration": 2220,
              "state": "passed",
              "speed": "fast",
              "pass": true,
              "fail": false,
              "pending": false,
              "context": null,
              "code": "cy.visit(\"http://www.webdriveruniversity.com\");\ncy.get(\"#datepicker\").invoke(\"removeAttr\", \"target\").click({\n  force: true\n});\ncy.get(\"#datepicker\").click();\n// let date = new Date();\n// date.setDate(date.getDate())\n// cy.log(date.getDate()) //get current day i.e. 22\n// let date2 = new Date();\n// date2.setDate(date.getDate() + 5)\n// cy.log(date2.getDate()) //get current day i.e. 22 + 5 = 27\nvar date = new Date();\ndate.setDate(date.getDate() + 400);\nvar futureYear = date.getFullYear();\nvar futureMonth = date.toLocaleString(\"default\", {\n  month: \"long\"\n});\nvar futureDay = date.getDate();\ncy.log(\"Future year to select: \" + futureYear);\ncy.log(\"Future month to select: \" + futureMonth);\ncy.log(\"Future day to select: \" + futureDay);\nfunction selectMonthAndYear() {\n  cy.get(\".datepicker-dropdown\").find(\".datepicker-switch\").first().then(currentDate => {\n    if (!currentDate.text().includes(futureYear)) {\n      cy.get(\".next\").first().click();\n      selectMonthAndYear();\n    }\n  }).then(() => {\n    cy.get(\".datepicker-dropdown\").find(\".datepicker-switch\").first().then(currentDate => {\n      if (!currentDate.text().includes(futureMonth)) {\n        cy.get(\".next\").first().click();\n        selectMonthAndYear();\n      }\n    });\n  });\n}\nfunction selectFutureDay() {\n  cy.get('[class=\"day\"]').contains(futureDay).click();\n}\nselectMonthAndYear();\nselectFutureDay();",
              "err": {},
              "uuid": "919096b2-c98c-4a23-bdf1-0e00cc419f64",
              "parentUUID": "10e007bb-6b97-49d3-a92b-ae73bf1a21d5",
              "isHook": false,
              "skipped": false
            }
          ],
          "suites": [],
          "passes": [
            "919096b2-c98c-4a23-bdf1-0e00cc419f64"
          ],
          "failures": [],
          "pending": [],
          "skipped": [],
          "duration": 2220,
          "root": false,
          "rootEmpty": false,
          "_timeout": 2000
        }
      ],
      "passes": [],
      "failures": [],
      "pending": [],
      "skipped": [],
      "duration": 0,
      "root": true,
      "rootEmpty": true,
      "_timeout": 2000
    },
    {
      "uuid": "52bac4d6-0364-4be3-af03-0342d625e4fb",
      "title": "",
      "fullFile": "cypress/e2e/webdriver-uni/file-upload.js",
      "file": "cypress/e2e/webdriver-uni/file-upload.js",
      "beforeHooks": [],
      "afterHooks": [],
      "tests": [],
      "suites": [
        {
          "uuid": "62d2a76b-37d6-4eac-ab12-bf260db5620f",
          "title": "The File Upload via webdriveruni",
          "fullFile": "",
          "file": "",
          "beforeHooks": [],
          "afterHooks": [],
          "tests": [
            {
              "title": "Upload no file...",
              "fullTitle": "The File Upload via webdriveruni Upload no file...",
              "timedOut": null,
              "duration": 976,
              "state": "passed",
              "speed": "fast",
              "pass": true,
              "fail": false,
              "pending": false,
              "context": null,
              "code": "cy.visit(\"https://www.webdriveruniversity.com\");\ncy.get(\"#file-upload\").invoke(\"removeAttr\", \"target\").click({\n  force: true\n});\ncy.get(\"#submit-button\").click();\ncy.on(\"window:alert\", str => {\n  expect(str).to.equal(\"You need to select a file to upload!\");\n});",
              "err": {},
              "uuid": "c30bd46a-f3e9-4344-ae70-1c9117d1af8f",
              "parentUUID": "62d2a76b-37d6-4eac-ab12-bf260db5620f",
              "isHook": false,
              "skipped": false
            }
          ],
          "suites": [],
          "passes": [
            "c30bd46a-f3e9-4344-ae70-1c9117d1af8f"
          ],
          "failures": [],
          "pending": [],
          "skipped": [],
          "duration": 976,
          "root": false,
          "rootEmpty": false,
          "_timeout": 2000
        }
      ],
      "passes": [],
      "failures": [],
      "pending": [],
      "skipped": [],
      "duration": 0,
      "root": true,
      "rootEmpty": true,
      "_timeout": 2000
    },
    {
      "uuid": "231ea683-c467-4721-a56a-2eb43178ae9f",
      "title": "",
      "fullFile": "cypress/e2e/webdriver-uni/hooks.js",
      "file": "cypress/e2e/webdriver-uni/hooks.js",
      "beforeHooks": [],
      "afterHooks": [],
      "tests": [],
      "suites": [
        {
          "uuid": "7824f53c-7459-404d-8e0e-62efec62045e",
          "title": "Hooks",
          "fullFile": "",
          "file": "",
          "beforeHooks": [],
          "afterHooks": [],
          "tests": [
            {
              "title": "Example test1",
              "fullTitle": "Hooks Example test1",
              "timedOut": null,
              "duration": 41,
              "state": "passed",
              "speed": "fast",
              "pass": true,
              "fail": false,
              "pending": false,
              "context": null,
              "code": "cy.log(\"Example test1!\");",
              "err": {},
              "uuid": "1c94bcc5-0904-45e8-aac1-9df5b7172bd2",
              "parentUUID": "7824f53c-7459-404d-8e0e-62efec62045e",
              "isHook": false,
              "skipped": false
            },
            {
              "title": "Example test2",
              "fullTitle": "Hooks Example test2",
              "timedOut": null,
              "duration": 21,
              "state": "passed",
              "speed": "fast",
              "pass": true,
              "fail": false,
              "pending": false,
              "context": null,
              "code": "cy.log(\"Example test2!\");",
              "err": {},
              "uuid": "378bed53-426e-412c-99f4-d852e28a388e",
              "parentUUID": "7824f53c-7459-404d-8e0e-62efec62045e",
              "isHook": false,
              "skipped": false
            }
          ],
          "suites": [],
          "passes": [
            "1c94bcc5-0904-45e8-aac1-9df5b7172bd2",
            "378bed53-426e-412c-99f4-d852e28a388e"
          ],
          "failures": [],
          "pending": [],
          "skipped": [],
          "duration": 62,
          "root": false,
          "rootEmpty": false,
          "_timeout": 2000
        }
      ],
      "passes": [],
      "failures": [],
      "pending": [],
      "skipped": [],
      "duration": 0,
      "root": true,
      "rootEmpty": true,
      "_timeout": 2000
    },
    {
      "uuid": "be420d59-ef12-4523-8f32-d4dff307e018",
      "title": "",
      "fullFile": "cypress/e2e/webdriver-uni/iframe copy.js",
      "file": "cypress/e2e/webdriver-uni/iframe copy.js",
      "beforeHooks": [],
      "afterHooks": [],
      "tests": [],
      "suites": [
        {
          "uuid": "35645337-7cef-4e0f-b7cd-bf993e921cef",
          "title": "Handling Iframe & Modals",
          "fullFile": "",
          "file": "",
          "beforeHooks": [],
          "afterHooks": [],
          "tests": [
            {
              "title": "Handle webdriberuni iframe and modal",
              "fullTitle": "Handling Iframe & Modals Handle webdriberuni iframe and modal",
              "timedOut": null,
              "duration": 1333,
              "state": "passed",
              "speed": "fast",
              "pass": true,
              "fail": false,
              "pending": false,
              "context": null,
              "code": "// cy.visit(\"https://www.webdriveruniversity.com/Contact-Us/contactus.html\");\ncy.visit(\"https://www.webdriveruniversity.com\");\ncy.get(\"#iframe\").invoke(\"removeAttr\", \"target\").click({\n  force: true\n});\ncy.get(\"#frame\").then($iframe => {\n  const body = $iframe.contents().find(\"body\");\n  cy.wrap(body).as(\"iframe\");\n});\ncy.get(\"@iframe\").find(\"#button-find-out-more\").click();\ncy.get(\"@iframe\").find(\"#myModal\").as(\"modal\");\ncy.get(\"@modal\").should($expectedText => {\n  const text = $expectedText.text();\n  expect(text).to.include(\"Welcome to webdriveruniversity.com we sell a wide range of electrical goods\");\n});\ncy.get(\"@modal\").contains(\"Close\").click();",
              "err": {},
              "uuid": "d169c881-408d-40c1-9fe1-e20715f6a00f",
              "parentUUID": "35645337-7cef-4e0f-b7cd-bf993e921cef",
              "isHook": false,
              "skipped": false
            }
          ],
          "suites": [],
          "passes": [
            "d169c881-408d-40c1-9fe1-e20715f6a00f"
          ],
          "failures": [],
          "pending": [],
          "skipped": [],
          "duration": 1333,
          "root": false,
          "rootEmpty": false,
          "_timeout": 2000
        }
      ],
      "passes": [],
      "failures": [],
      "pending": [],
      "skipped": [],
      "duration": 0,
      "root": true,
      "rootEmpty": true,
      "_timeout": 2000
    },
    {
      "uuid": "443f3451-10b7-4da0-a6fa-f0f0562311c3",
      "title": "",
      "fullFile": "cypress/e2e/webdriver-uni/iframe.js",
      "file": "cypress/e2e/webdriver-uni/iframe.js",
      "beforeHooks": [],
      "afterHooks": [],
      "tests": [],
      "suites": [
        {
          "uuid": "d732365c-d372-499e-a9b5-53cda1b9deba",
          "title": "Handling Iframe & Modals",
          "fullFile": "",
          "file": "",
          "beforeHooks": [],
          "afterHooks": [],
          "tests": [
            {
              "title": "Handle webdriberuni iframe and modal",
              "fullTitle": "Handling Iframe & Modals Handle webdriberuni iframe and modal",
              "timedOut": null,
              "duration": 1254,
              "state": "passed",
              "speed": "fast",
              "pass": true,
              "fail": false,
              "pending": false,
              "context": null,
              "code": "// cy.visit(\"https://www.webdriveruniversity.com/Contact-Us/contactus.html\");\ncy.visit(\"https://www.webdriveruniversity.com\");\ncy.get(\"#iframe\").invoke(\"removeAttr\", \"target\").click({\n  force: true\n});\ncy.get(\"#frame\").then($iframe => {\n  const body = $iframe.contents().find(\"body\");\n  cy.wrap(body).as(\"iframe\");\n});\ncy.get(\"@iframe\").find(\"#button-find-out-more\").click();\ncy.get(\"@iframe\").find(\"#myModal\").as(\"modal\");\ncy.get(\"@modal\").should($expectedText => {\n  const text = $expectedText.text();\n  expect(text).to.include(\"Welcome to webdriveruniversity.com we sell a wide range of electrical goods\");\n});\ncy.get(\"@modal\").contains(\"Close\").click();",
              "err": {},
              "uuid": "5973fc91-4019-4b24-9291-ff4ac828088a",
              "parentUUID": "d732365c-d372-499e-a9b5-53cda1b9deba",
              "isHook": false,
              "skipped": false
            }
          ],
          "suites": [],
          "passes": [
            "5973fc91-4019-4b24-9291-ff4ac828088a"
          ],
          "failures": [],
          "pending": [],
          "skipped": [],
          "duration": 1254,
          "root": false,
          "rootEmpty": false,
          "_timeout": 2000
        }
      ],
      "passes": [],
      "failures": [],
      "pending": [],
      "skipped": [],
      "duration": 0,
      "root": true,
      "rootEmpty": true,
      "_timeout": 2000
    },
    {
      "uuid": "511fb790-fb3a-43b4-aceb-59180b6155fd",
      "title": "",
      "fullFile": "cypress/e2e/webdriver-uni/js-alerts.js",
      "file": "cypress/e2e/webdriver-uni/js-alerts.js",
      "beforeHooks": [],
      "afterHooks": [],
      "tests": [],
      "suites": [
        {
          "uuid": "3c4bc0a5-7f14-46de-93e5-08e14ceb330a",
          "title": "Handle js alerts",
          "fullFile": "",
          "file": "",
          "beforeHooks": [],
          "afterHooks": [],
          "tests": [
            {
              "title": "Confirm js alert contains the correct text",
              "fullTitle": "Handle js alerts Confirm js alert contains the correct text",
              "timedOut": null,
              "duration": 793,
              "state": "passed",
              "speed": "fast",
              "pass": true,
              "fail": false,
              "pending": false,
              "context": null,
              "code": "//cy.visit(\"http://www.webdriveruniversity.com/Contact-Us/contactus.html\");\ncy.visit(\"http://www.webdriveruniversity.com\");\ncy.get(\"#popup-alerts\").invoke(\"removeAttr\", \"target\").click({\n  force: true\n});\ncy.get(\"#button1\").click();\ncy.on(\"window:alert\", str => {\n  expect(str).to.equal(\"I am an alert box!\");\n});",
              "err": {},
              "uuid": "a748b247-66b7-41bc-b34b-3b5ff94b90c0",
              "parentUUID": "3c4bc0a5-7f14-46de-93e5-08e14ceb330a",
              "isHook": false,
              "skipped": false
            },
            {
              "title": "Validate js confirm alert box works correctly when clicking ok",
              "fullTitle": "Handle js alerts Validate js confirm alert box works correctly when clicking ok",
              "timedOut": null,
              "duration": 303,
              "state": "passed",
              "speed": "fast",
              "pass": true,
              "fail": false,
              "pending": false,
              "context": null,
              "code": "//cy.visit(\"http://www.webdriveruniversity.com/Contact-Us/contactus.html\");\ncy.visit(\"http://www.webdriveruniversity.com\");\ncy.get(\"#popup-alerts\").invoke(\"removeAttr\", \"target\").click({\n  force: true\n});\ncy.get(\"#button4\").click();\ncy.on(\"window:confirm\", str => {\n  return true;\n});\ncy.get(\"#confirm-alert-text\").contains(\"You pressed OK!\");",
              "err": {},
              "uuid": "68900cb8-8ee7-42d8-aa54-14a640722b91",
              "parentUUID": "3c4bc0a5-7f14-46de-93e5-08e14ceb330a",
              "isHook": false,
              "skipped": false
            },
            {
              "title": "Validate js confirm alert box works correctly when clicking cancel",
              "fullTitle": "Handle js alerts Validate js confirm alert box works correctly when clicking cancel",
              "timedOut": null,
              "duration": 252,
              "state": "passed",
              "speed": "fast",
              "pass": true,
              "fail": false,
              "pending": false,
              "context": null,
              "code": "//cy.visit(\"http://www.webdriveruniversity.com/Contact-Us/contactus.html\");\ncy.visit(\"http://www.webdriveruniversity.com\");\ncy.get(\"#popup-alerts\").invoke(\"removeAttr\", \"target\").click({\n  force: true\n});\ncy.get(\"#button4\").click();\ncy.on(\"window:confirm\", str => {\n  return false;\n});\ncy.get(\"#confirm-alert-text\").contains(\"You pressed Cancel!\");",
              "err": {},
              "uuid": "05240731-51c8-46a6-b4c3-3b006cfd0482",
              "parentUUID": "3c4bc0a5-7f14-46de-93e5-08e14ceb330a",
              "isHook": false,
              "skipped": false
            },
            {
              "title": "Validate js confirm alert box using a stub",
              "fullTitle": "Handle js alerts Validate js confirm alert box using a stub",
              "timedOut": null,
              "duration": 250,
              "state": "passed",
              "speed": "fast",
              "pass": true,
              "fail": false,
              "pending": false,
              "context": null,
              "code": "//cy.visit(\"http://www.webdriveruniversity.com/Contact-Us/contactus.html\");\ncy.visit(\"http://www.webdriveruniversity.com\");\ncy.get(\"#popup-alerts\").invoke(\"removeAttr\", \"target\").click({\n  force: true\n});\nconst stub = cy.stub();\ncy.on(\"window:confirm\", stub);\ncy.get(\"#button4\").click().then(() => {\n  expect(stub.getCall(0)).to.be.calledWith(\"Press a button!\");\n}).then(() => {\n  return true;\n}).then(() => {\n  cy.get(\"#confirm-alert-text\").contains(\"You pressed OK!\");\n});",
              "err": {},
              "uuid": "341ac988-842e-4707-b6f2-a2412a5de3a1",
              "parentUUID": "3c4bc0a5-7f14-46de-93e5-08e14ceb330a",
              "isHook": false,
              "skipped": false
            }
          ],
          "suites": [],
          "passes": [
            "a748b247-66b7-41bc-b34b-3b5ff94b90c0",
            "68900cb8-8ee7-42d8-aa54-14a640722b91",
            "05240731-51c8-46a6-b4c3-3b006cfd0482",
            "341ac988-842e-4707-b6f2-a2412a5de3a1"
          ],
          "failures": [],
          "pending": [],
          "skipped": [],
          "duration": 1598,
          "root": false,
          "rootEmpty": false,
          "_timeout": 2000
        }
      ],
      "passes": [],
      "failures": [],
      "pending": [],
      "skipped": [],
      "duration": 0,
      "root": true,
      "rootEmpty": true,
      "_timeout": 2000
    },
    {
      "uuid": "f01e2c99-26a7-4b18-be4c-83affebc4921",
      "title": "",
      "fullFile": "cypress/e2e/webdriver-uni/mouse-actions.js",
      "file": "cypress/e2e/webdriver-uni/mouse-actions.js",
      "beforeHooks": [],
      "afterHooks": [],
      "tests": [],
      "suites": [
        {
          "uuid": "57659865-9dbd-4182-aad7-af2ad59b9dea",
          "title": "Test mouse actions",
          "fullFile": "",
          "file": "",
          "beforeHooks": [],
          "afterHooks": [],
          "tests": [
            {
              "title": "I should be able to perform a double mouse click",
              "fullTitle": "Test mouse actions I should be able to perform a double mouse click",
              "timedOut": null,
              "duration": 775,
              "state": "passed",
              "speed": "fast",
              "pass": true,
              "fail": false,
              "pending": false,
              "context": null,
              "code": "cy.visit(\"https://www.webdriveruniversity.com\");\ncy.get(\"#actions\").scrollIntoView().invoke(\"removeAttr\", \"target\").click({\n  force: true\n});\ncy.get(\"#double-click\").dblclick();",
              "err": {},
              "uuid": "f2b609b8-d66b-4de9-9ba1-abcf539827c2",
              "parentUUID": "57659865-9dbd-4182-aad7-af2ad59b9dea",
              "isHook": false,
              "skipped": false
            },
            {
              "title": "I should be able to hold down the left mouse click button on a given element",
              "fullTitle": "Test mouse actions I should be able to hold down the left mouse click button on a given element",
              "timedOut": null,
              "duration": 253,
              "state": "passed",
              "speed": "fast",
              "pass": true,
              "fail": false,
              "pending": false,
              "context": null,
              "code": "cy.visit(\"https://www.webdriveruniversity.com\");\ncy.get(\"#actions\").scrollIntoView().invoke(\"removeAttr\", \"target\").click({\n  force: true\n});\ncy.get(\"#click-box\").trigger(\"mousedown\", {\n  which: 1\n}).then($element => expect($element).to.have.css(\"background-color\", \"rgb(0, 255, 0)\"));",
              "err": {},
              "uuid": "daa1866e-6a44-4cdf-95b8-d9aea83595ac",
              "parentUUID": "57659865-9dbd-4182-aad7-af2ad59b9dea",
              "isHook": false,
              "skipped": false
            }
          ],
          "suites": [],
          "passes": [
            "f2b609b8-d66b-4de9-9ba1-abcf539827c2",
            "daa1866e-6a44-4cdf-95b8-d9aea83595ac"
          ],
          "failures": [],
          "pending": [],
          "skipped": [],
          "duration": 1028,
          "root": false,
          "rootEmpty": false,
          "_timeout": 2000
        }
      ],
      "passes": [],
      "failures": [],
      "pending": [],
      "skipped": [],
      "duration": 0,
      "root": true,
      "rootEmpty": true,
      "_timeout": 2000
    },
    {
      "uuid": "9001bf33-ba7e-4a1f-a7c1-4281abe2256d",
      "title": "",
      "fullFile": "cypress/e2e/webdriver-uni/radio-buttons.js",
      "file": "cypress/e2e/webdriver-uni/radio-buttons.js",
      "beforeHooks": [],
      "afterHooks": [],
      "tests": [],
      "suites": [
        {
          "uuid": "2926eb36-1d00-464b-acee-b3884a03faf6",
          "title": "Verify radio buttons via webdriveruni",
          "fullFile": "",
          "file": "",
          "beforeHooks": [],
          "afterHooks": [],
          "tests": [
            {
              "title": "Check specific radio buttons",
              "fullTitle": "Verify radio buttons via webdriveruni Check specific radio buttons",
              "timedOut": null,
              "duration": 873,
              "state": "passed",
              "speed": "fast",
              "pass": true,
              "fail": false,
              "pending": false,
              "context": null,
              "code": "cy.get(\"#radio-buttons\").find(\"[type='radio']\").first().check();\ncy.get(\"#radio-buttons\").find(\"[type='radio']\").eq(1).check();",
              "err": {},
              "uuid": "3321f59c-3cda-4d36-9104-69b5c45b3b5f",
              "parentUUID": "2926eb36-1d00-464b-acee-b3884a03faf6",
              "isHook": false,
              "skipped": false
            },
            {
              "title": "Validate the states of specific radio buttons",
              "fullTitle": "Verify radio buttons via webdriveruni Validate the states of specific radio buttons",
              "timedOut": null,
              "duration": 272,
              "state": "passed",
              "speed": "fast",
              "pass": true,
              "fail": false,
              "pending": false,
              "context": null,
              "code": "cy.get(\"[value='lettuce']\").should(\"not.be.checked\");\ncy.get(\"[value='pumpkin']\").should(\"be.checked\");\ncy.get(\"[value='lettuce']\").check();\ncy.get(\"[value='lettuce']\").should(\"be.checked\");\ncy.get(\"[value='pumpkin']\").should(\"not.be.checked\");\ncy.get(\"[value='cabbage']\").should(\"be.disabled\");",
              "err": {},
              "uuid": "b317cfae-0f35-42b3-a973-08ce25a969e5",
              "parentUUID": "2926eb36-1d00-464b-acee-b3884a03faf6",
              "isHook": false,
              "skipped": false
            }
          ],
          "suites": [],
          "passes": [
            "3321f59c-3cda-4d36-9104-69b5c45b3b5f",
            "b317cfae-0f35-42b3-a973-08ce25a969e5"
          ],
          "failures": [],
          "pending": [],
          "skipped": [],
          "duration": 1145,
          "root": false,
          "rootEmpty": false,
          "_timeout": 2000
        }
      ],
      "passes": [],
      "failures": [],
      "pending": [],
      "skipped": [],
      "duration": 0,
      "root": true,
      "rootEmpty": true,
      "_timeout": 2000
    },
    {
      "uuid": "3bff2e08-cbdf-4b2d-a496-5175d1aad3f3",
      "title": "",
      "fullFile": "cypress/e2e/webdriver-uni/select-dropdown-list.js",
      "file": "cypress/e2e/webdriver-uni/select-dropdown-list.js",
      "beforeHooks": [],
      "afterHooks": [],
      "tests": [],
      "suites": [
        {
          "uuid": "1fafe077-f519-4379-a52d-d59177999cff",
          "title": "Interact with dropdown lists via webdriveruni",
          "fullFile": "",
          "file": "",
          "beforeHooks": [],
          "afterHooks": [],
          "tests": [
            {
              "title": "Select specific values via select dropdown lists",
              "fullTitle": "Interact with dropdown lists via webdriveruni Select specific values via select dropdown lists",
              "timedOut": null,
              "duration": 1508,
              "state": "passed",
              "speed": "fast",
              "pass": true,
              "fail": false,
              "pending": false,
              "context": null,
              "code": "cy.visit(\"https://www.webdriveruniversity.com\");\ncy.get(\"#dropdown-checkboxes-radiobuttons\").invoke(\"removeAttr\", \"target\").click({\n  force: true\n});\ncy.get(\"#dropdowm-menu-1\").select(\"c#\");\ncy.get(\"#dropdowm-menu-2\").select(\"testng\").should(\"have.value\", \"testng\");\ncy.get(\"#dropdowm-menu-3\").select(\"JQuery\").contains(\"JQuery\");\ncy.get(\"#dropdowm-menu-2\").select(\"maven\").should(\"have.value\", \"maven\");\ncy.get(\"#dropdowm-menu-2\").select(\"TestNG\").contains(\"TestNG\");",
              "err": {},
              "uuid": "86e160d4-bc9f-41d1-9c98-7568a10ed578",
              "parentUUID": "1fafe077-f519-4379-a52d-d59177999cff",
              "isHook": false,
              "skipped": false
            }
          ],
          "suites": [],
          "passes": [
            "86e160d4-bc9f-41d1-9c98-7568a10ed578"
          ],
          "failures": [],
          "pending": [],
          "skipped": [],
          "duration": 1508,
          "root": false,
          "rootEmpty": false,
          "_timeout": 2000
        }
      ],
      "passes": [],
      "failures": [],
      "pending": [],
      "skipped": [],
      "duration": 0,
      "root": true,
      "rootEmpty": true,
      "_timeout": 2000
    },
    {
      "uuid": "875ed276-3590-428d-9a63-015ffa2e4c51",
      "title": "",
      "fullFile": "cypress/e2e/webdriver-uni/selectors.js",
      "file": "cypress/e2e/webdriver-uni/selectors.js",
      "beforeHooks": [],
      "afterHooks": [],
      "tests": [],
      "suites": [
        {
          "uuid": "095a616c-6a58-4222-bd96-cdd2ad4c8c08",
          "title": "Selector examples",
          "fullFile": "",
          "file": "",
          "beforeHooks": [],
          "afterHooks": [],
          "tests": [
            {
              "title": "Examples of Selectors via WebdriverUni Contact Us Page",
              "fullTitle": "Selector examples Examples of Selectors via WebdriverUni Contact Us Page",
              "timedOut": null,
              "duration": 383,
              "state": "passed",
              "speed": "fast",
              "pass": true,
              "fail": false,
              "pending": false,
              "context": null,
              "code": "cy.visit(\"https://www.webdriveruniversity.com/Contact-Us/contactus.html\");\n//By tag name\ncy.get(\"input\");\n//By attribute name and value\ncy.get(\"input[name='first_name']\");\n//By id\ncy.get(\"#contact_me\");\n//By class\ncy.get(\".feedback-input\");\n//By multiple classes\ncy.get(\"[class='navbar navbar-inverse navbar-fixed-top']\");\n//By two different attributes\ncy.get(\"[name='email'][placeholder='Email Address']\");\n//By xpath\ncy.xpath(\"//input[@name='first_name']\");",
              "err": {},
              "uuid": "984d889b-bafc-49c6-9206-9291d34787db",
              "parentUUID": "095a616c-6a58-4222-bd96-cdd2ad4c8c08",
              "isHook": false,
              "skipped": false
            }
          ],
          "suites": [],
          "passes": [
            "984d889b-bafc-49c6-9206-9291d34787db"
          ],
          "failures": [],
          "pending": [],
          "skipped": [],
          "duration": 383,
          "root": false,
          "rootEmpty": false,
          "_timeout": 2000
        }
      ],
      "passes": [],
      "failures": [],
      "pending": [],
      "skipped": [],
      "duration": 0,
      "root": true,
      "rootEmpty": true,
      "_timeout": 2000
    },
    {
      "uuid": "e8c383e6-aff0-4bee-8129-ef1d2e628dce",
      "title": "",
      "fullFile": "cypress/e2e/webdriver-uni/traversing-elements.js",
      "file": "cypress/e2e/webdriver-uni/traversing-elements.js",
      "beforeHooks": [],
      "afterHooks": [],
      "tests": [],
      "suites": [
        {
          "uuid": "4a61667f-8334-4aeb-a7e9-a9e3cdcbc936",
          "title": "Traversing DOM elements in Cypress",
          "fullFile": "",
          "file": "",
          "beforeHooks": [],
          "afterHooks": [],
          "tests": [
            {
              "title": "siblings() To get all sibling DOM elements of elements",
              "fullTitle": "Traversing DOM elements in Cypress siblings() To get all sibling DOM elements of elements",
              "timedOut": null,
              "duration": 986,
              "state": "passed",
              "speed": "fast",
              "pass": true,
              "fail": false,
              "pending": false,
              "context": null,
              "code": "cy.get(\".traversal-button-other-states .active\").siblings().should(\"have.length\", 3);",
              "err": {},
              "uuid": "fd6f8b59-290a-4e22-b3d8-dbf2fbab38de",
              "parentUUID": "4a61667f-8334-4aeb-a7e9-a9e3cdcbc936",
              "isHook": false,
              "skipped": false
            }
          ],
          "suites": [],
          "passes": [
            "fd6f8b59-290a-4e22-b3d8-dbf2fbab38de"
          ],
          "failures": [],
          "pending": [],
          "skipped": [],
          "duration": 986,
          "root": false,
          "rootEmpty": false,
          "_timeout": 2000
        }
      ],
      "passes": [],
      "failures": [],
      "pending": [],
      "skipped": [],
      "duration": 0,
      "root": true,
      "rootEmpty": true,
      "_timeout": 2000
    }
  ],
  "meta": {
    "mocha": {
      "version": "7.0.1"
    },
    "mochawesome": {
      "options": {
        "quiet": false,
        "reportFilename": "mochawesome",
        "saveHtml": false,
        "saveJson": true,
        "consoleReporter": "spec",
        "useInlineDiffs": false,
        "code": true
      },
      "version": "7.1.3"
    },
    "marge": {
      "options": {
        "id": "default",
        "reportDir": "cypress/results/mochawesome",
        "quite": true,
        "overwrite": false,
        "html": false,
        "json": true
      },
      "version": "6.2.0"
    }
  }
}